#
# There is insufficient memory for the Java Runtime Environment to continue.
# Native memory allocation (mmap) failed to map 94623498240 bytes for G1 virtual space
# Possible reasons:
#   The system is out of physical RAM or swap space
# Possible solutions:
#   Reduce memory load on the system
#   Increase physical memory or swap space
#   Check if swap backing store is full
#   Decrease Java heap size (-Xmx/-Xms)
#   Decrease number of Java threads
#   Decrease Java thread stack sizes (-Xss)
#   Set larger code cache with -XX:ReservedCodeCacheSize=
# This output file may be truncated or incomplete.
#
#  Out of Memory Error (os_windows.cpp:3527), pid=14976, tid=3868
#
# JRE version:  (19.0+36) (build )
# Java VM: Java HotSpot(TM) 64-Bit Server VM (19+36-2238, mixed mode, sharing, tiered, compressed class ptrs, g1 gc, windows-amd64)
# No core dump will be written. Minidumps are not enabled by default on client versions of Windows
#

---------------  S U M M A R Y ------------

Command Line: -Dfile.encoding=UTF-8 -Xms90240m --module-path=C:\Users\moham\Documents\NetBeansProjects\OOP Lab\build\classes oop.lab.OOPLab

Host: AMD Ryzen 7 5800H with Radeon Graphics         , 16 cores, 63G,  Windows 11 , 64 bit Build 22621 (10.0.22621.891)
Time: Mon Nov 21 02:44:02 2022 Egypt Standard Time elapsed time: 2.496630 seconds (0d 0h 0m 2s)

---------------  T H R E A D  ---------------

Current thread (0x000002b5b596a290):  JavaThread "Unknown thread" [_thread_in_vm, id=3868, stack(0x000000f426000000,0x000000f426100000)]

Stack: [0x000000f426000000,0x000000f426100000]
Native frames: (J=compiled Java code, j=interpreted, Vv=VM code, C=native code)
V  [jvm.dll+0x6ee8fa]
V  [jvm.dll+0x857a1e]
V  [jvm.dll+0x85940e]
V  [jvm.dll+0x859ac3]
V  [jvm.dll+0x28291f]
V  [jvm.dll+0x6eb6e9]
V  [jvm.dll+0x6e028a]
V  [jvm.dll+0x357136]
V  [jvm.dll+0x35eb96]
V  [jvm.dll+0x3b555e]
V  [jvm.dll+0x3b578f]
V  [jvm.dll+0x32c6ea]
V  [jvm.dll+0x32d59e]
V  [jvm.dll+0x821b20]
V  [jvm.dll+0x3c27c1]
V  [jvm.dll+0x8022f1]
V  [jvm.dll+0x44b30f]
V  [jvm.dll+0x44cc91]
C  [jli.dll+0x5287]
C  [ucrtbase.dll+0x29363]
C  [KERNEL32.DLL+0x1244d]
C  [ntdll.dll+0x5dfb8]


---------------  P R O C E S S  ---------------

Threads class SMR info:
_java_thread_list=0x00007ffba7bcd048, length=0, elements={
}

Java Threads: ( => current thread )

Other Threads:
  0x000002b5cd5d1b20 WorkerThread "GC Thread#0" [stack: 0x000000f426100000,0x000000f426200000] [id=6700]
  0x000002b5b59cf590 ConcurrentGCThread "G1 Main Marker" [stack: 0x000000f426200000,0x000000f426300000] [id=25960]
  0x000002b5b59d1520 WorkerThread "G1 Conc#0" [stack: 0x000000f426300000,0x000000f426400000] [id=25616]

[error occurred during error reporting (printing all threads), id 0xc0000005, EXCEPTION_ACCESS_VIOLATION (0xc0000005) at pc=0x00007ffba738d127]

VM state: not at safepoint (not fully initialized)

VM Mutex/Monitor currently owned by a thread:  ([mutex/lock_event])
[0x000002b5b5966000] Heap_lock - owner thread: 0x000002b5b596a290

CDS archive(s) mapped at: [0x0000000000000000-0x0000000000000000-0x0000000000000000), size 0, SharedBaseAddress: 0x0000000800000000, ArchiveRelocationMode: 0.
Narrow klass base: 0x0000000000000000, Narrow klass shift: 0, Narrow klass range: 0x0

GC Precious Log:
 CardTable entry size: 512
 Card Set container configuration: InlinePtr #cards 3 size 8 Array Of Cards #cards 128 size 272 Howl #buckets 8 coarsen threshold 58982 Howl Bitmap #cards 8192 size 1040 coarsen threshold 7372 Card regions per heap region 1 cards per card region 65536

Heap:
 garbage-first heap   total 0K, used 0K [0x000002b5ce000000, 0x000002cbd6000000)
  region size 32768K, 0 young (0K), 0 survivors (0K)

[error occurred during error reporting (printing heap information), id 0xc0000005, EXCEPTION_ACCESS_VIOLATION (0xc0000005) at pc=0x00007ffba7796959]

GC Heap History (0 events):
No events

Dll operation events (1 events):
Event: 0.017 Loaded shared library C:\Program Files\Java\jdk-19\bin\java.dll

Deoptimization events (0 events):
No events

Classes loaded (0 events):
No events

Classes unloaded (0 events):
No events

Classes redefined (0 events):
No events

Internal exceptions (0 events):
No events

VM Operations (0 events):
No events

Events (0 events):
No events


Dynamic libraries:
0x00007ff7bccf0000 - 0x00007ff7bcd00000 	C:\Program Files\Java\jdk-19\bin\java.exe
0x00007ffc3c5d0000 - 0x00007ffc3c7e4000 	C:\WINDOWS\SYSTEM32\ntdll.dll
0x00007ffc3b8d0000 - 0x00007ffc3b992000 	C:\WINDOWS\System32\KERNEL32.DLL
0x00007ffc3a030000 - 0x00007ffc3a3cd000 	C:\WINDOWS\System32\KERNELBASE.dll
0x00007ffc39ce0000 - 0x00007ffc39df1000 	C:\WINDOWS\System32\ucrtbase.dll
0x00007ffc2aed0000 - 0x00007ffc2aeeb000 	C:\Program Files\Java\jdk-19\bin\VCRUNTIME140.dll
0x00007ffc34fc0000 - 0x00007ffc34fd8000 	C:\Program Files\Java\jdk-19\bin\jli.dll
0x00007ffc3b6a0000 - 0x00007ffc3b74e000 	C:\WINDOWS\System32\ADVAPI32.dll
0x00007ffc3a570000 - 0x00007ffc3a617000 	C:\WINDOWS\System32\msvcrt.dll
0x00007ffc3b260000 - 0x00007ffc3b304000 	C:\WINDOWS\System32\sechost.dll
0x00007ffc3b9a0000 - 0x00007ffc3bab5000 	C:\WINDOWS\System32\RPCRT4.dll
0x00007ffc3ae60000 - 0x00007ffc3b00d000 	C:\WINDOWS\System32\USER32.dll
0x00007ffc39cb0000 - 0x00007ffc39cd6000 	C:\WINDOWS\System32\win32u.dll
0x00007ffc3b100000 - 0x00007ffc3b129000 	C:\WINDOWS\System32\GDI32.dll
0x00007ffc22ca0000 - 0x00007ffc22f2e000 	C:\WINDOWS\WinSxS\amd64_microsoft.windows.common-controls_6595b64144ccf1df_6.0.22621.436_none_a94247dbc10d8414\COMCTL32.dll
0x00007ffc39a80000 - 0x00007ffc39b92000 	C:\WINDOWS\System32\gdi32full.dll
0x00007ffc39ba0000 - 0x00007ffc39c3a000 	C:\WINDOWS\System32\msvcp_win.dll
0x00007ffc31050000 - 0x00007ffc3105a000 	C:\WINDOWS\SYSTEM32\VERSION.dll
0x00007ffc3bcf0000 - 0x00007ffc3bd22000 	C:\WINDOWS\System32\IMM32.DLL
0x00007ffc33c50000 - 0x00007ffc33c5c000 	C:\Program Files\Java\jdk-19\bin\vcruntime140_1.dll
0x00007ffc2a7a0000 - 0x00007ffc2a82e000 	C:\Program Files\Java\jdk-19\bin\msvcp140.dll
0x00007ffba7050000 - 0x00007ffba7d10000 	C:\Program Files\Java\jdk-19\bin\server\jvm.dll
0x00007ffc31010000 - 0x00007ffc31044000 	C:\WINDOWS\SYSTEM32\WINMM.dll
0x00007ffc21740000 - 0x00007ffc21749000 	C:\WINDOWS\SYSTEM32\WSOCK32.dll
0x00007ffc3bd30000 - 0x00007ffc3bda1000 	C:\WINDOWS\System32\WS2_32.dll
0x00007ffc38a30000 - 0x00007ffc38a48000 	C:\WINDOWS\SYSTEM32\kernel.appcore.dll
0x00007ffc2ae10000 - 0x00007ffc2ae1a000 	C:\Program Files\Java\jdk-19\bin\jimage.dll
0x00007ffc36fc0000 - 0x00007ffc371ee000 	C:\WINDOWS\SYSTEM32\DBGHELP.DLL
0x00007ffc3b310000 - 0x00007ffc3b69a000 	C:\WINDOWS\System32\combase.dll
0x00007ffc3bdc0000 - 0x00007ffc3be97000 	C:\WINDOWS\System32\OLEAUT32.dll
0x00007ffc1d5a0000 - 0x00007ffc1d5d2000 	C:\WINDOWS\SYSTEM32\dbgcore.DLL
0x00007ffc39a00000 - 0x00007ffc39a7b000 	C:\WINDOWS\System32\bcryptPrimitives.dll
0x00007ffc2aea0000 - 0x00007ffc2aec6000 	C:\Program Files\Java\jdk-19\bin\java.dll

dbghelp: loaded successfully - version: 4.0.5 - missing functions: none
symbol engine: initialized successfully - sym options: 0x614 - pdb path: .;C:\Program Files\Java\jdk-19\bin;C:\WINDOWS\SYSTEM32;C:\WINDOWS\WinSxS\amd64_microsoft.windows.common-controls_6595b64144ccf1df_6.0.22621.436_none_a94247dbc10d8414;C:\Program Files\Java\jdk-19\bin\server

VM Arguments:
jvm_args: -Dfile.encoding=UTF-8 -Xms90240m --module-path=C:\Users\moham\Documents\NetBeansProjects\OOP Lab\build\classes 
java_command: oop.lab.OOPLab
java_class_path (initial): C:\Users\moham\Documents\NetBeansProjects\OOP Lab\build\classes
Launcher Type: SUN_STANDARD

[Global flags]
     intx CICompilerCount                          = 12                                        {product} {ergonomic}
     uint ConcGCThreads                            = 3                                         {product} {ergonomic}
     uint G1ConcRefinementThreads                  = 13                                        {product} {ergonomic}
   size_t G1HeapRegionSize                         = 33554432                                  {product} {ergonomic}
    uintx GCDrainStackTargetSize                   = 64                                        {product} {ergonomic}
   size_t InitialHeapSize                          = 94623498240                               {product} {command line}
   size_t MarkStackSize                            = 4194304                                   {product} {ergonomic}
   size_t MaxHeapSize                              = 94623498240                               {product} {ergonomic}
   size_t MinHeapDeltaBytes                        = 33554432                                  {product} {ergonomic}
   size_t MinHeapSize                              = 94623498240                               {product} {command line}
    uintx NonNMethodCodeHeapSize                   = 7602480                                {pd product} {ergonomic}
    uintx NonProfiledCodeHeapSize                  = 122027880                              {pd product} {ergonomic}
    uintx ProfiledCodeHeapSize                     = 122027880                              {pd product} {ergonomic}
    uintx ReservedCodeCacheSize                    = 251658240                              {pd product} {ergonomic}
     bool SegmentedCodeCache                       = true                                      {product} {ergonomic}
   size_t SoftMaxHeapSize                          = 94623498240                            {manageable} {ergonomic}
     bool UseCompressedClassPointers               = true                           {product lp64_product} {ergonomic}
     bool UseG1GC                                  = true                                      {product} {ergonomic}
     bool UseLargePagesIndividualAllocation        = false                                  {pd product} {ergonomic}

Logging:
Log output configuration:
 #0: stdout all=warning uptime,level,tags foldmultilines=false
 #1: stderr all=off uptime,level,tags foldmultilines=false

Environment Variables:
PATH=C:\Program Files (x86)\Common Files\Oracle\Java\javapath;C:\Program Files (x86)\Common Files\Intel\Shared Libraries\redist\intel64\compiler;C:\Program Files\Common Files\Oracle\Java\javapath;C:\Windows\system32;C:\Windows;C:\Windows\System32\Wbem;C:\Windows\System32\WindowsPowerShell\v1.0\;C:\Windows\System32\OpenSSH\;C:\Program Files (x86)\NVIDIA Corporation\PhysX\Common;C:\Program Files\Microsoft SQL Server\150\Tools\Binn\;C:\Program Files\Microsoft SQL Server\Client SDK\ODBC\170\Tools\Binn\;C:\WINDOWS\system32;C:\WINDOWS;C:\WINDOWS\System32\Wbem;C:\WINDOWS\System32\WindowsPowerShell\v1.0\;C:\WINDOWS\System32\OpenSSH\;C:\Program Files\Common Files\Autodesk Shared\;C:\Program Files\Microsoft SQL Server\120\Tools\Binn\;C:\Program Files (x86)\IncrediBuild;C:\Program Files\NVIDIA Corporation\NVIDIA NvDLISR;C:\Program Files\dotnet\;C:\WINDOWS\system32;C:\WINDOWS;C:\WINDOWS\System32\Wbem;C:\WINDOWS\System32\WindowsPowerShell\v1.0\;C:\WINDOWS\System32\OpenSSH\;C:\Program Files\swipl\bin;C:\Users\moham\AppData\Local\Programs\Python\Python310\Scripts\;C:\Users\moham\AppData\Local\Programs\Python\Python310\;C:\Users\moham\AppData\Local\Microsoft\WindowsApps;C:\Program Files (x86)\Nmap;C:\Gradle\gradle-7.4.2\bin;
USERNAME=moham
OS=Windows_NT
PROCESSOR_IDENTIFIER=AMD64 Family 25 Model 80 Stepping 0, AuthenticAMD
TMP=C:\Users\moham\AppData\Local\Temp
TEMP=C:\Users\moham\AppData\Local\Temp



---------------  S Y S T E M  ---------------

OS:
 Windows 11 , 64 bit Build 22621 (10.0.22621.891)
OS uptime: 0 days 0:30 hours
Hyper-V role detected

CPU: total 16 (initial active 16) (16 cores per cpu, 2 threads per core) family 25 model 80 stepping 0 microcode 0x0, cx8, cmov, fxsr, ht, mmx, 3dnowpref, sse, sse2, sse3, ssse3, sse4a, sse4.1, sse4.2, popcnt, lzcnt, tsc, tscinvbit, avx, avx2, aes, erms, clmul, bmi1, bmi2, adx, sha, fma, vzeroupper, clflush, clflushopt, hv, rdtscp, rdpid, fsrm

Memory: 4k page, system-wide physical 64944M (57613M free)
TotalPageFile size 102237M (AvailPageFile size 90238M)
current process WorkingSet (physical memory assigned to process): 14M, peak: 14M
current process commit charge ("private bytes"): 74M, peak: 90314M

vm_info: Java HotSpot(TM) 64-Bit Server VM (19+36-2238) for windows-amd64 JRE (19+36-2238), built on 2022-08-12T20:29:01Z by "mach5one" with MS VC++ 17.1 (VS2022)

END.
